This is pdfTeX, Version 3.1415926-2.5-1.40.14 (MiKTeX 2.9 64-bit) (preloaded format=pdflatex 2014.10.7)  11 OCT 2014 14:13
entering extended mode
**results.tex
(C:\git\RRY025Project\rapport\includes\results.tex
LaTeX2e <2011/06/27>
Babel <v3.8m> and hyphenation patterns for english, afrikaans, ancientgreek, ar
abic, armenian, assamese, basque, bengali, bokmal, bulgarian, catalan, coptic, 
croatian, czech, danish, dutch, esperanto, estonian, farsi, finnish, french, ga
lician, german, german-x-2013-05-26, greek, gujarati, hindi, hungarian, iceland
ic, indonesian, interlingua, irish, italian, kannada, kurmanji, latin, latvian,
 lithuanian, malayalam, marathi, mongolian, mongolianlmc, monogreek, ngerman, n
german-x-2013-05-26, nynorsk, oriya, panjabi, pinyin, polish, portuguese, roman
ian, russian, sanskrit, serbian, slovak, slovenian, spanish, swedish, swissgerm
an, tamil, telugu, turkish, turkmen, ukenglish, ukrainian, uppersorbian, usengl
ishmax, welsh, loaded.
("C:\Program Files\MiKTeX 2.9\tex\latex\base\article.cls"
Document Class: article 2007/10/19 v1.4h Standard LaTeX document class
("C:\Program Files\MiKTeX 2.9\tex\latex\base\size10.clo"
File: size10.clo 2007/10/19 v1.4h Standard LaTeX file (size option)
)
\c@part=\count79
\c@section=\count80
\c@subsection=\count81
\c@subsubsection=\count82
\c@paragraph=\count83
\c@subparagraph=\count84
\c@figure=\count85
\c@table=\count86
\abovecaptionskip=\skip41
\belowcaptionskip=\skip42
\bibindent=\dimen102
)
("C:\Program Files\MiKTeX 2.9\tex\latex\graphics\graphicx.sty"
Package: graphicx 1999/02/16 v1.0f Enhanced LaTeX Graphics (DPC,SPQR)

("C:\Program Files\MiKTeX 2.9\tex\latex\graphics\keyval.sty"
Package: keyval 1999/03/16 v1.13 key=value parser (DPC)
\KV@toks@=\toks14
)
("C:\Program Files\MiKTeX 2.9\tex\latex\graphics\graphics.sty"
Package: graphics 2009/02/05 v1.0o Standard LaTeX Graphics (DPC,SPQR)

("C:\Program Files\MiKTeX 2.9\tex\latex\graphics\trig.sty"
Package: trig 1999/03/16 v1.09 sin cos tan (DPC)
)
("C:\Program Files\MiKTeX 2.9\tex\latex\00miktex\graphics.cfg"
File: graphics.cfg 2007/01/18 v1.5 graphics configuration of teTeX/TeXLive
)
Package graphics Info: Driver file: pdftex.def on input line 91.

("C:\Program Files\MiKTeX 2.9\tex\latex\pdftex-def\pdftex.def"
File: pdftex.def 2011/05/27 v0.06d Graphics/color for pdfTeX

("C:\Program Files\MiKTeX 2.9\tex\generic\oberdiek\infwarerr.sty"
Package: infwarerr 2010/04/08 v1.3 Providing info/warning/error messages (HO)
)
("C:\Program Files\MiKTeX 2.9\tex\generic\oberdiek\ltxcmds.sty"
Package: ltxcmds 2011/11/09 v1.22 LaTeX kernel commands for general use (HO)
)
\Gread@gobject=\count87
))
\Gin@req@height=\dimen103
\Gin@req@width=\dimen104
)
("C:\Program Files\MiKTeX 2.9\tex\latex\caption\caption.sty"
Package: caption 2013/05/02 v3.3-89 Customizing captions (AR)

("C:\Program Files\MiKTeX 2.9\tex\latex\caption\caption3.sty"
Package: caption3 2013/05/02 v1.6-88 caption3 kernel (AR)
Package caption3 Info: TeX engine: e-TeX on input line 57.
\captionmargin=\dimen105
\captionmargin@=\dimen106
\captionwidth=\dimen107
\caption@tempdima=\dimen108
\caption@indent=\dimen109
\caption@parindent=\dimen110
\caption@hangindent=\dimen111
)
\c@ContinuedFloat=\count88
)
("C:\Program Files\MiKTeX 2.9\tex\latex\caption\subcaption.sty"
Package: subcaption 2013/02/03 v1.1-62 Sub-captions (AR)
\c@subfigure=\count89
\c@subtable=\count90
)
(C:\git\RRY025Project\rapport\includes\results.aux

LaTeX Warning: Label `fig:sigma' multiply defined.

)
LaTeX Font Info:    Checking defaults for OML/cmm/m/it on input line 5.
LaTeX Font Info:    ... okay on input line 5.
LaTeX Font Info:    Checking defaults for T1/cmr/m/n on input line 5.
LaTeX Font Info:    ... okay on input line 5.
LaTeX Font Info:    Checking defaults for OT1/cmr/m/n on input line 5.
LaTeX Font Info:    ... okay on input line 5.
LaTeX Font Info:    Checking defaults for OMS/cmsy/m/n on input line 5.
LaTeX Font Info:    ... okay on input line 5.
LaTeX Font Info:    Checking defaults for OMX/cmex/m/n on input line 5.
LaTeX Font Info:    ... okay on input line 5.
LaTeX Font Info:    Checking defaults for U/cmr/m/n on input line 5.
LaTeX Font Info:    ... okay on input line 5.
 ("C:\Program Files\MiKTeX 2.9\tex\context\base\supp-pdf.mkii"
[Loading MPS to PDF converter (version 2006.09.02).]
\scratchcounter=\count91
\scratchdimen=\dimen112
\scratchbox=\box26
\nofMPsegments=\count92
\nofMParguments=\count93
\everyMPshowfont=\toks15
\MPscratchCnt=\count94
\MPscratchDim=\dimen113
\MPnumerator=\count95
\makeMPintoPDFobject=\count96
\everyMPtoPDFconversion=\toks16
)
Package caption Info: Begin \AtBeginDocument code.
Package caption Info: End \AtBeginDocument code.
LaTeX Font Info:    External font `cmex10' loaded for size
(Font)              <7> on input line 21.
LaTeX Font Info:    External font `cmex10' loaded for size
(Font)              <5> on input line 21.


Package caption Warning: \label without proper \caption on input line 44.
See the caption package documentation for explanation.


LaTeX Warning: Reference `fig:various_low_gamma' on page 1 undefined on input l
ine 29.

<../pics/suppressed_low_frequences.png, id=1, 460.72125pt x 291.33844pt>
File: ../pics/suppressed_low_frequences.png Graphic file (type png)

<use ../pics/suppressed_low_frequences.png>
Package pdftex.def Info: ../pics/suppressed_low_frequences.png used on input li
ne 35.
(pdftex.def)             Requested size: 207.0021pt x 130.89659pt.
LaTeX Font Info:    External font `cmex10' loaded for size
(Font)              <9> on input line 36.
LaTeX Font Info:    External font `cmex10' loaded for size
(Font)              <6> on input line 36.

<../pics/non_suppressed_low_frequences.png, id=2, 460.72125pt x 291.33844pt>
File: ../pics/non_suppressed_low_frequences.png Graphic file (type png)

<use ../pics/non_suppressed_low_frequences.png>
Package pdftex.def Info: ../pics/non_suppressed_low_frequences.png used on inpu
t line 40.
(pdftex.def)             Requested size: 207.0021pt x 130.89659pt.

Overfull \hbox (69.00421pt too wide) in paragraph at lines 34--45
 [][][] 
 []

<../pics/non_emph_high_frequnces.png, id=3, 1446.15282pt x 724.95844pt>
File: ../pics/non_emph_high_frequnces.png Graphic file (type png)

<use ../pics/non_emph_high_frequnces.png>
Package pdftex.def Info: ../pics/non_emph_high_frequnces.png used on input line
 54.
(pdftex.def)             Requested size: 207.0021pt x 103.76118pt.

<../pics/emph_high_frequnces.png, id=4, 1446.15282pt x 724.95844pt>
File: ../pics/emph_high_frequnces.png Graphic file (type png)

<use ../pics/emph_high_frequnces.png>
Package pdftex.def Info: ../pics/emph_high_frequnces.png used on input line 59.

(pdftex.def)             Requested size: 207.0021pt x 103.76118pt.

Overfull \hbox (69.00421pt too wide) in paragraph at lines 53--64
 [][][] 
 []


Package caption Warning: \label without proper \caption on input line 94.
See the caption package documentation for explanation.


LaTeX Warning: Reference `fig:sigma' on page 1 undefined on input line 70.

<../pics/low_sigma.png, id=5, 1446.15282pt x 724.95844pt>
File: ../pics/low_sigma.png Graphic file (type png)

<use ../pics/low_sigma.png>
Package pdftex.def Info: ../pics/low_sigma.png used on input line 74.
(pdftex.def)             Requested size: 241.49895pt x 121.06209pt.

<../pics/high_sigma.png, id=6, 1446.15282pt x 724.95844pt>
File: ../pics/high_sigma.png Graphic file (type png)

<use ../pics/high_sigma.png>
Package pdftex.def Info: ../pics/high_sigma.png used on input line 79.
(pdftex.def)             Requested size: 241.49895pt x 121.06209pt.

<../pics/low_sigma_filter.png, id=7, 1446.15282pt x 724.95844pt>
File: ../pics/low_sigma_filter.png Graphic file (type png)

<use ../pics/low_sigma_filter.png>
Package pdftex.def Info: ../pics/low_sigma_filter.png used on input line 85.
(pdftex.def)             Requested size: 207.0021pt x 103.76118pt.

<../pics/high_sigma_filter.png, id=8, 1446.15282pt x 724.95844pt>
File: ../pics/high_sigma_filter.png Graphic file (type png)

<use ../pics/high_sigma_filter.png>
Package pdftex.def Info: ../pics/high_sigma_filter.png used on input line 90.
(pdftex.def)             Requested size: 207.0021pt x 103.76118pt.

Overfull \hbox (137.9979pt too wide) in paragraph at lines 73--95
 [][][] 
 []


Overfull \hbox (69.00421pt too wide) in paragraph at lines 73--95
 [][][] 
 []

<../pics/resulting_image.png, id=9, 460.72125pt x 291.33844pt>
File: ../pics/resulting_image.png Graphic file (type png)

<use ../pics/resulting_image.png>
Package pdftex.def Info: ../pics/resulting_image.png used on input line 122.
(pdftex.def)             Requested size: 460.72012pt x 291.33772pt.

Overfull \hbox (115.72012pt too wide) in paragraph at lines 122--123
[][] 
 []


LaTeX Warning: `!h' float specifier changed to `!ht'.


LaTeX Warning: `!h' float specifier changed to `!ht'.

[1

{C:/ProgramData/MiKTeX/2.9/pdftex/config/pdftex.map} <C:/git/RRY025Project/rapp
ort/pics/suppressed_low_frequences.png (PNG copy)> <C:/git/RRY025Project/rappor
t/pics/non_suppressed_low_frequences.png (PNG copy)>] [2 <C:/git/RRY025Project/
rapport/pics/non_emph_high_frequnces.png (PNG copy)> <C:/git/RRY025Project/rapp
ort/pics/emph_high_frequnces.png (PNG copy)> <C:/git/RRY025Project/rapport/pics
/low_sigma.png (PNG copy)> <C:/git/RRY025Project/rapport/pics/high_sigma.png (P
NG copy)> <C:/git/RRY025Project/rapport/pics/low_sigma_filter.png (PNG copy)> <
C:/git/RRY025Project/rapport/pics/high_sigma_filter.png (PNG copy)>]
<../pics/microbes_before.png, id=32, 316.93407pt x 257.46187pt>
File: ../pics/microbes_before.png Graphic file (type png)

<use ../pics/microbes_before.png>
Package pdftex.def Info: ../pics/microbes_before.png used on input line 133.
(pdftex.def)             Requested size: 207.0021pt x 168.16142pt.

<../pics/microbes_after.png, id=33, 316.93407pt x 257.46187pt>
File: ../pics/microbes_after.png Graphic file (type png)

<use ../pics/microbes_after.png>
Package pdftex.def Info: ../pics/microbes_after.png used on input line 138.
(pdftex.def)             Requested size: 207.0021pt x 168.16142pt.

Overfull \hbox (69.00421pt too wide) in paragraph at lines 132--142
 [][][] 
 []


Underfull \hbox (badness 10000) in paragraph at lines 128--157

 []


LaTeX Warning: `!h' float specifier changed to `!ht'.

[3 <C:/git/RRY025Project/rapport/pics/resulting_image.png (PNG copy)>] [4 <C:/g
it/RRY025Project/rapport/pics/microbes_before.png (PNG copy)> <C:/git/RRY025Pro
ject/rapport/pics/microbes_after.png (PNG copy)>]
(C:\git\RRY025Project\rapport\includes\results.aux)

LaTeX Warning: There were undefined references.


LaTeX Warning: There were multiply-defined labels.

 ) 
Here is how much of TeX's memory you used:
 2311 strings out of 493921
 36874 string characters out of 3147270
 99278 words of memory out of 3000000
 5627 multiletter control sequences out of 15000+200000
 7327 words of font info for 26 fonts, out of 3000000 for 9000
 841 hyphenation exceptions out of 8191
 36i,8n,38p,239b,481s stack positions out of 5000i,500n,10000p,200000b,50000s
<C:/Program Files/MiKTeX 2.9/fonts/type1/public/amsfonts/cm/cmbx10.pfb><C:/Pr
ogram Files/MiKTeX 2.9/fonts/type1/public/amsfonts/cm/cmbx12.pfb><C:/Program Fi
les/MiKTeX 2.9/fonts/type1/public/amsfonts/cm/cmex10.pfb><C:/Program Files/MiKT
eX 2.9/fonts/type1/public/amsfonts/cm/cmmi10.pfb><C:/Program Files/MiKTeX 2.9/f
onts/type1/public/amsfonts/cm/cmmi6.pfb><C:/Program Files/MiKTeX 2.9/fonts/type
1/public/amsfonts/cm/cmmi7.pfb><C:/Program Files/MiKTeX 2.9/fonts/type1/public/
amsfonts/cm/cmmi9.pfb><C:/Program Files/MiKTeX 2.9/fonts/type1/public/amsfonts/
cm/cmr10.pfb><C:/Program Files/MiKTeX 2.9/fonts/type1/public/amsfonts/cm/cmr5.p
fb><C:/Program Files/MiKTeX 2.9/fonts/type1/public/amsfonts/cm/cmr6.pfb><C:/Pro
gram Files/MiKTeX 2.9/fonts/type1/public/amsfonts/cm/cmr7.pfb><C:/Program Files
/MiKTeX 2.9/fonts/type1/public/amsfonts/cm/cmr9.pfb><C:/Program Files/MiKTeX 2.
9/fonts/type1/public/amsfonts/cm/cmsy10.pfb><C:/Program Files/MiKTeX 2.9/fonts/
type1/public/amsfonts/cm/cmsy7.pfb><C:/Program Files/MiKTeX 2.9/fonts/type1/pub
lic/amsfonts/cm/cmti10.pfb>
Output written on results.pdf (4 pages, 1531687 bytes).
PDF statistics:
 86 PDF objects out of 1000 (max. 8388607)
 0 named destinations out of 1000 (max. 500000)
 56 words of extra memory for PDF output out of 10000 (max. 10000000)

